# Logfile created on 2014-01-06 23:12:29 -0800 by logger.rb/41954
I, [2014-01-06T23:12:29.598057 #19695]  INFO -- : 0:  blankslate (2.1.2.4) from /Users/jeffcmohr/.rbenv/versions/2.0.0-p353/lib/ruby/gems/2.0.0/specifications/blankslate-2.1.2.4.gemspec
I, [2014-01-06T23:12:30.569795 #19695]  INFO -- : 0:  fast-stemmer (1.0.2) from /Users/jeffcmohr/.rbenv/versions/2.0.0-p353/lib/ruby/gems/2.0.0/specifications/fast-stemmer-1.0.2.gemspec
I, [2014-01-06T23:12:31.435139 #19695]  INFO -- : 0:  classifier (1.3.3) from /Users/jeffcmohr/.rbenv/versions/2.0.0-p353/lib/ruby/gems/2.0.0/specifications/classifier-1.3.3.gemspec
I, [2014-01-06T23:12:31.435914 #19695]  INFO -- : 0:  coderay (1.1.0) from /Users/jeffcmohr/.rbenv/versions/2.0.0-p353/lib/ruby/gems/2.0.0/specifications/coderay-1.1.0.gemspec
I, [2014-01-06T23:12:31.990456 #19695]  INFO -- : 0:  colorator (0.1) from /Users/jeffcmohr/.rbenv/versions/2.0.0-p353/lib/ruby/gems/2.0.0/specifications/colorator-0.1.gemspec
I, [2014-01-06T23:12:33.481963 #19695]  INFO -- : 0:  highline (1.6.20) from /Users/jeffcmohr/.rbenv/versions/2.0.0-p353/lib/ruby/gems/2.0.0/specifications/highline-1.6.20.gemspec
I, [2014-01-06T23:12:34.252716 #19695]  INFO -- : 0:  commander (4.1.5) from /Users/jeffcmohr/.rbenv/versions/2.0.0-p353/lib/ruby/gems/2.0.0/specifications/commander-4.1.5.gemspec
I, [2014-01-06T23:12:34.853615 #19695]  INFO -- : 0:  commonjs (0.2.7) from /Users/jeffcmohr/.rbenv/versions/2.0.0-p353/lib/ruby/gems/2.0.0/specifications/commonjs-0.2.7.gemspec
I, [2014-01-06T23:12:34.854215 #19695]  INFO -- : 0:  ffi (1.9.3) from /Users/jeffcmohr/.rbenv/versions/2.0.0-p353/lib/ruby/gems/2.0.0/specifications/ffi-1.9.3.gemspec
I, [2014-01-06T23:12:34.854613 #19695]  INFO -- : 0:  formatador (0.2.4) from /Users/jeffcmohr/.rbenv/versions/2.0.0-p353/lib/ruby/gems/2.0.0/specifications/formatador-0.2.4.gemspec
I, [2014-01-06T23:12:34.854996 #19695]  INFO -- : 0:  rb-fsevent (0.9.3) from /Users/jeffcmohr/.rbenv/versions/2.0.0-p353/lib/ruby/gems/2.0.0/specifications/rb-fsevent-0.9.3.gemspec
I, [2014-01-06T23:12:34.855547 #19695]  INFO -- : 0:  rb-inotify (0.9.3) from /Users/jeffcmohr/.rbenv/versions/2.0.0-p353/lib/ruby/gems/2.0.0/specifications/rb-inotify-0.9.3.gemspec
I, [2014-01-06T23:12:34.855979 #19695]  INFO -- : 0:  rb-kqueue (0.2.0) from /Users/jeffcmohr/.rbenv/versions/2.0.0-p353/lib/ruby/gems/2.0.0/specifications/rb-kqueue-0.2.0.gemspec
I, [2014-01-06T23:12:34.856383 #19695]  INFO -- : 0:  listen (1.3.1) from /Users/jeffcmohr/.rbenv/versions/2.0.0-p353/lib/ruby/gems/2.0.0/specifications/listen-1.3.1.gemspec
I, [2014-01-06T23:12:34.856729 #19695]  INFO -- : 0:  lumberjack (1.0.4) from /Users/jeffcmohr/.rbenv/versions/2.0.0-p353/lib/ruby/gems/2.0.0/specifications/lumberjack-1.0.4.gemspec
I, [2014-01-06T23:12:34.857108 #19695]  INFO -- : 0:  method_source (0.8.2) from /Users/jeffcmohr/.rbenv/versions/2.0.0-p353/lib/ruby/gems/2.0.0/specifications/method_source-0.8.2.gemspec
I, [2014-01-06T23:12:34.857478 #19695]  INFO -- : 0:  slop (3.4.7) from /Users/jeffcmohr/.rbenv/versions/2.0.0-p353/lib/ruby/gems/2.0.0/specifications/slop-3.4.7.gemspec
I, [2014-01-06T23:12:34.857851 #19695]  INFO -- : 0:  pry (0.9.12.4) from /Users/jeffcmohr/.rbenv/versions/2.0.0-p353/lib/ruby/gems/2.0.0/specifications/pry-0.9.12.4.gemspec
I, [2014-01-06T23:12:34.858224 #19695]  INFO -- : 0:  thor (0.18.1) from /Users/jeffcmohr/.rbenv/versions/2.0.0-p353/lib/ruby/gems/2.0.0/specifications/thor-0.18.1.gemspec
I, [2014-01-06T23:12:34.858631 #19695]  INFO -- : 0:  guard (1.8.3) from /Users/jeffcmohr/.rbenv/versions/2.0.0-p353/lib/ruby/gems/2.0.0/specifications/guard-1.8.3.gemspec
I, [2014-01-06T23:12:36.405514 #19695]  INFO -- : 0:  guard-shell (0.5.2) from /Users/jeffcmohr/.rbenv/versions/2.0.0-p353/lib/ruby/gems/2.0.0/specifications/guard-shell-0.5.2.gemspec
I, [2014-01-06T23:12:37.115163 #19695]  INFO -- : 0:  liquid (2.5.4) from /Users/jeffcmohr/.rbenv/versions/2.0.0-p353/lib/ruby/gems/2.0.0/specifications/liquid-2.5.4.gemspec
I, [2014-01-06T23:12:38.086432 #19695]  INFO -- : 0:  maruku (0.7.0) from /Users/jeffcmohr/.rbenv/versions/2.0.0-p353/lib/ruby/gems/2.0.0/specifications/maruku-0.7.0.gemspec
I, [2014-01-06T23:12:39.083050 #19695]  INFO -- : 0:  posix-spawn (0.3.8) from /Users/jeffcmohr/.rbenv/versions/2.0.0-p353/lib/ruby/gems/2.0.0/specifications/posix-spawn-0.3.8.gemspec
I, [2014-01-06T23:12:43.732899 #19695]  INFO -- : 0:  yajl-ruby (1.1.0) from /Users/jeffcmohr/.rbenv/versions/2.0.0-p353/lib/ruby/gems/2.0.0/specifications/yajl-ruby-1.1.0.gemspec
I, [2014-01-06T23:12:46.178800 #19695]  INFO -- : 0:  pygments.rb (0.5.4) from /Users/jeffcmohr/.rbenv/versions/2.0.0-p353/lib/ruby/gems/2.0.0/specifications/pygments.rb-0.5.4.gemspec
I, [2014-01-06T23:12:48.887068 #19695]  INFO -- : 0:  redcarpet (2.3.0) from /Users/jeffcmohr/.rbenv/versions/2.0.0-p353/lib/ruby/gems/2.0.0/specifications/redcarpet-2.3.0.gemspec
I, [2014-01-06T23:12:49.856621 #19695]  INFO -- : 0:  safe_yaml (0.9.7) from /Users/jeffcmohr/.rbenv/versions/2.0.0-p353/lib/ruby/gems/2.0.0/specifications/safe_yaml-0.9.7.gemspec
I, [2014-01-06T23:12:50.998917 #19695]  INFO -- : 0:  parslet (1.5.0) from /Users/jeffcmohr/.rbenv/versions/2.0.0-p353/lib/ruby/gems/2.0.0/specifications/parslet-1.5.0.gemspec
I, [2014-01-06T23:12:51.577725 #19695]  INFO -- : 0:  toml (0.1.0) from /Users/jeffcmohr/.rbenv/versions/2.0.0-p353/lib/ruby/gems/2.0.0/specifications/toml-0.1.0.gemspec
I, [2014-01-06T23:12:52.954467 #19695]  INFO -- : 0:  jekyll (1.4.2) from /Users/jeffcmohr/.rbenv/versions/2.0.0-p353/lib/ruby/gems/2.0.0/specifications/jekyll-1.4.2.gemspec
I, [2014-01-06T23:12:57.173339 #19695]  INFO -- : 0:  less (2.4.0) from /Users/jeffcmohr/.rbenv/versions/2.0.0-p353/lib/ruby/gems/2.0.0/specifications/less-2.4.0.gemspec
I, [2014-01-06T23:12:58.058607 #19695]  INFO -- : 0:  jekyll-less (0.0.4) from /Users/jeffcmohr/.rbenv/versions/2.0.0-p353/lib/ruby/gems/2.0.0/specifications/jekyll-less-0.0.4.gemspec
I, [2014-01-06T23:13:01.200236 #19695]  INFO -- : 0:  libv8 (3.3.10.4) from /Users/jeffcmohr/.rbenv/versions/2.0.0-p353/lib/ruby/gems/2.0.0/specifications/libv8-3.3.10.4-x86_64-darwin-11.gemspec
I, [2014-01-06T23:13:06.045804 #19695]  INFO -- : 0:  therubyracer (0.9.10) from /Users/jeffcmohr/.rbenv/versions/2.0.0-p353/lib/ruby/gems/2.0.0/specifications/therubyracer-0.9.10.gemspec
I, [2014-01-06T23:13:06.046534 #19695]  INFO -- : 0:  bundler (1.5.1) from /Users/jeffcmohr/.rbenv/versions/2.0.0-p353/lib/ruby/gems/2.0.0/specifications/bundler-1.5.1.gemspec
